<?xml version="1.0" encoding="UTF-8"?>
<!-- Generated by org.testng.reporters.JUnitReportReporter -->
<testsuite hostname="Poornima-PC" failures="0" tests="1" name="Scripts.TestCase3" time="114.780" errors="0" timestamp="2022-08-06T20:40:22 IST" skipped="0">
  <testcase classname="Scripts.TestCase3" name="tc3" time="114.780"/>
  <system-out/>
</testsuite> <!-- Scripts.TestCase3 -->
