<?xml version="1.0" encoding="UTF-8"?>
<!-- Generated by org.testng.reporters.JUnitReportReporter -->
<testsuite hostname="Poornima-PC" failures="0" tests="1" name="Scripts.Testcase2" time="39.658" errors="0" timestamp="2022-08-06T16:50:50 IST" skipped="0">
  <testcase classname="Scripts.Testcase2" name="tc2" time="39.658"/>
  <system-out/>
</testsuite> <!-- Scripts.Testcase2 -->
